<?xml version="1.0" encoding="UTF-8"?>
<testng-results skipped="0" failed="2" total="8" passed="6">
  <reporter-output>
  </reporter-output>
  <suite name="Command line suite" duration-ms="531484" started-at="2017-08-09T11:41:12Z" finished-at="2017-08-09T11:50:04Z">
    <groups>
    </groups>
    <test name="Command line test" duration-ms="531484" started-at="2017-08-09T11:41:12Z" finished-at="2017-08-09T11:50:04Z">
      <class name="PR_Signup.BlankEmailTest">
        <test-method status="PASS" signature="Email_Validation()[pri:0, instance:PR_Signup.BlankEmailTest@5824a83d]" name="Email_Validation" duration-ms="46530" started-at="2017-08-09T17:12:08Z" finished-at="2017-08-09T17:12:55Z">
          <reporter-output>
          </reporter-output>
        </test-method> <!-- Email_Validation -->
      </class> <!-- PR_Signup.BlankEmailTest -->
      <class name="PR_Signup.BlankFullNameTest">
        <test-method status="PASS" signature="FullName_Validation()[pri:0, instance:PR_Signup.BlankFullNameTest@7b36aa0c]" name="FullName_Validation" duration-ms="30168" started-at="2017-08-09T17:12:55Z" finished-at="2017-08-09T17:13:25Z">
          <reporter-output>
          </reporter-output>
        </test-method> <!-- FullName_Validation -->
      </class> <!-- PR_Signup.BlankFullNameTest -->
      <class name="PR_Signup.InvalidEmailTest">
        <test-method status="PASS" signature="InvalidEmail_Validation1()[pri:0, instance:PR_Signup.InvalidEmailTest@3527942a]" name="InvalidEmail_Validation1" duration-ms="40407" started-at="2017-08-09T17:19:12Z" finished-at="2017-08-09T17:19:53Z">
          <reporter-output>
          </reporter-output>
        </test-method> <!-- InvalidEmail_Validation1 -->
        <test-method status="PASS" signature="InvalidEmail_Validation12()[pri:0, instance:PR_Signup.InvalidEmailTest@3527942a]" name="InvalidEmail_Validation12" duration-ms="524" started-at="2017-08-09T17:19:53Z" finished-at="2017-08-09T17:19:53Z">
          <reporter-output>
          </reporter-output>
        </test-method> <!-- InvalidEmail_Validation12 -->
      </class> <!-- PR_Signup.InvalidEmailTest -->
      <class name="PR_Signup.AppStatusTest">
        <test-method status="PASS" signature="beforeTest()[pri:0, instance:PR_Signup.AppStatusTest@25641d39]" name="beforeTest" is-config="true" duration-ms="2306" started-at="2017-08-09T17:11:12Z" finished-at="2017-08-09T17:11:15Z">
          <reporter-output>
          </reporter-output>
        </test-method> <!-- beforeTest -->
        <test-method status="PASS" signature="beforeTest()[pri:0, instance:PR_Signup.BlankEmailTest@5824a83d]" name="beforeTest" is-config="true" duration-ms="1120" started-at="2017-08-09T17:11:15Z" finished-at="2017-08-09T17:11:16Z">
          <reporter-output>
          </reporter-output>
        </test-method> <!-- beforeTest -->
        <test-method status="PASS" signature="beforeTest()[pri:0, instance:PR_Signup.BlankFullNameTest@7b36aa0c]" name="beforeTest" is-config="true" duration-ms="1134" started-at="2017-08-09T17:11:16Z" finished-at="2017-08-09T17:11:17Z">
          <reporter-output>
          </reporter-output>
        </test-method> <!-- beforeTest -->
        <test-method status="PASS" signature="beforeTest()[pri:0, instance:PR_Signup.InvalidEmailTest@3527942a]" name="beforeTest" is-config="true" duration-ms="433" started-at="2017-08-09T17:11:17Z" finished-at="2017-08-09T17:11:17Z">
          <reporter-output>
          </reporter-output>
        </test-method> <!-- beforeTest -->
        <test-method status="PASS" signature="beforeTest()[pri:0, instance:example.NewTest@4a883b15]" name="beforeTest" is-config="true" duration-ms="21779" started-at="2017-08-09T17:11:17Z" finished-at="2017-08-09T17:11:39Z">
          <reporter-output>
          </reporter-output>
        </test-method> <!-- beforeTest -->
        <test-method status="PASS" signature="beforeTest()[pri:0, instance:PR_Signup.SocialFacebookSignUpTest@5677323c]" name="beforeTest" is-config="true" duration-ms="1142" started-at="2017-08-09T17:11:39Z" finished-at="2017-08-09T17:11:40Z">
          <reporter-output>
          </reporter-output>
        </test-method> <!-- beforeTest -->
        <test-method status="PASS" signature="beforeTest()[pri:0, instance:PR_Signup.ValidSignupTest@3012646b]" name="beforeTest" is-config="true" duration-ms="1134" started-at="2017-08-09T17:11:40Z" finished-at="2017-08-09T17:11:41Z">
          <reporter-output>
          </reporter-output>
        </test-method> <!-- beforeTest -->
        <test-method status="PASS" signature="CheckApp_Status()[pri:0, instance:PR_Signup.AppStatusTest@25641d39]" name="CheckApp_Status" duration-ms="26622" started-at="2017-08-09T17:11:42Z" finished-at="2017-08-09T17:12:08Z">
          <reporter-output>
          </reporter-output>
        </test-method> <!-- CheckApp_Status -->
        <test-method status="PASS" signature="afterTest()[pri:0, instance:PR_Signup.AppStatusTest@25641d39]" name="afterTest" is-config="true" duration-ms="4586" started-at="2017-08-09T17:19:53Z" finished-at="2017-08-09T17:19:58Z">
          <reporter-output>
          </reporter-output>
        </test-method> <!-- afterTest -->
        <test-method status="PASS" signature="afterTest()[pri:0, instance:PR_Signup.BlankEmailTest@5824a83d]" name="afterTest" is-config="true" duration-ms="1072" started-at="2017-08-09T17:19:58Z" finished-at="2017-08-09T17:19:59Z">
          <reporter-output>
          </reporter-output>
        </test-method> <!-- afterTest -->
        <test-method status="PASS" signature="afterTest()[pri:0, instance:PR_Signup.BlankFullNameTest@7b36aa0c]" name="afterTest" is-config="true" duration-ms="922" started-at="2017-08-09T17:19:59Z" finished-at="2017-08-09T17:20:00Z">
          <reporter-output>
          </reporter-output>
        </test-method> <!-- afterTest -->
        <test-method status="PASS" signature="afterTest()[pri:0, instance:PR_Signup.InvalidEmailTest@3527942a]" name="afterTest" is-config="true" duration-ms="1108" started-at="2017-08-09T17:20:00Z" finished-at="2017-08-09T17:20:01Z">
          <reporter-output>
          </reporter-output>
        </test-method> <!-- afterTest -->
        <test-method status="PASS" signature="afterTest()[pri:0, instance:example.NewTest@4a883b15]" name="afterTest" is-config="true" duration-ms="1115" started-at="2017-08-09T17:20:01Z" finished-at="2017-08-09T17:20:02Z">
          <reporter-output>
          </reporter-output>
        </test-method> <!-- afterTest -->
        <test-method status="PASS" signature="afterTest()[pri:0, instance:PR_Signup.SocialFacebookSignUpTest@5677323c]" name="afterTest" is-config="true" duration-ms="968" started-at="2017-08-09T17:20:02Z" finished-at="2017-08-09T17:20:03Z">
          <reporter-output>
          </reporter-output>
        </test-method> <!-- afterTest -->
        <test-method status="PASS" signature="afterTest()[pri:0, instance:PR_Signup.ValidSignupTest@3012646b]" name="afterTest" is-config="true" duration-ms="958" started-at="2017-08-09T17:20:03Z" finished-at="2017-08-09T17:20:04Z">
          <reporter-output>
          </reporter-output>
        </test-method> <!-- afterTest -->
      </class> <!-- PR_Signup.AppStatusTest -->
      <class name="PR_Signup.SocialFacebookSignUpTest">
        <test-method status="FAIL" signature="Email_Validation()[pri:0, instance:PR_Signup.SocialFacebookSignUpTest@5677323c]" name="Email_Validation" duration-ms="302336" started-at="2017-08-09T17:13:25Z" finished-at="2017-08-09T17:18:27Z">
          <exception class="org.openqa.selenium.TimeoutException">
            <message>
              <![CDATA[timeout
  (Session info: chrome=60.0.3112.90)
  (Driver info: chromedriver=2.30.477700 (0057494ad8732195794a7b32078424f92a5fce41),platform=Windows NT 10.0.15063 x86_64) (WARNING: The server did not provide any stacktrace information)
Command duration or timeout: 300.33 seconds
Build info: version: '3.4.0', revision: 'unknown', time: 'unknown'
System info: host: 'GATE6-70', ip: '10.1.0.144', os.name: 'Windows 10', os.arch: 'amd64', os.version: '10.0', java.version: '1.8.0_144'
Driver info: org.openqa.selenium.chrome.ChromeDriver
Capabilities [{applicationCacheEnabled=false, rotatable=false, mobileEmulationEnabled=false, networkConnectionEnabled=false, chrome={chromedriverVersion=2.30.477700 (0057494ad8732195794a7b32078424f92a5fce41), userDataDir=C:\WINDOWS\TEMP\scoped_dir11892_6611}, takesHeapSnapshot=true, pageLoadStrategy=normal, databaseEnabled=false, handlesAlerts=true, hasTouchScreen=false, version=60.0.3112.90, platform=XP, browserConnectionEnabled=false, nativeEvents=true, acceptSslCerts=true, locationContextEnabled=true, webStorageEnabled=true, browserName=chrome, takesScreenshot=true, javascriptEnabled=true, cssSelectorsEnabled=true, unexpectedAlertBehaviour=}]
Session ID: abb7bdb65629c45a70a9d004574fd75d]]>
            </message>
            <full-stacktrace>
              <![CDATA[org.openqa.selenium.TimeoutException: timeout
  (Session info: chrome=60.0.3112.90)
  (Driver info: chromedriver=2.30.477700 (0057494ad8732195794a7b32078424f92a5fce41),platform=Windows NT 10.0.15063 x86_64) (WARNING: The server did not provide any stacktrace information)
Command duration or timeout: 300.33 seconds
Build info: version: '3.4.0', revision: 'unknown', time: 'unknown'
System info: host: 'GATE6-70', ip: '10.1.0.144', os.name: 'Windows 10', os.arch: 'amd64', os.version: '10.0', java.version: '1.8.0_144'
Driver info: org.openqa.selenium.chrome.ChromeDriver
Capabilities [{applicationCacheEnabled=false, rotatable=false, mobileEmulationEnabled=false, networkConnectionEnabled=false, chrome={chromedriverVersion=2.30.477700 (0057494ad8732195794a7b32078424f92a5fce41), userDataDir=C:\WINDOWS\TEMP\scoped_dir11892_6611}, takesHeapSnapshot=true, pageLoadStrategy=normal, databaseEnabled=false, handlesAlerts=true, hasTouchScreen=false, version=60.0.3112.90, platform=XP, browserConnectionEnabled=false, nativeEvents=true, acceptSslCerts=true, locationContextEnabled=true, webStorageEnabled=true, browserName=chrome, takesScreenshot=true, javascriptEnabled=true, cssSelectorsEnabled=true, unexpectedAlertBehaviour=}]
Session ID: abb7bdb65629c45a70a9d004574fd75d
	at sun.reflect.NativeConstructorAccessorImpl.newInstance0(Native Method)
	at sun.reflect.NativeConstructorAccessorImpl.newInstance(NativeConstructorAccessorImpl.java:62)
	at sun.reflect.DelegatingConstructorAccessorImpl.newInstance(DelegatingConstructorAccessorImpl.java:45)
	at java.lang.reflect.Constructor.newInstance(Constructor.java:423)
	at org.openqa.selenium.remote.ErrorHandler.createThrowable(ErrorHandler.java:215)
	at org.openqa.selenium.remote.ErrorHandler.throwIfResponseFailed(ErrorHandler.java:167)
	at org.openqa.selenium.remote.RemoteWebDriver.execute(RemoteWebDriver.java:671)
	at org.openqa.selenium.remote.RemoteWebDriver.get(RemoteWebDriver.java:364)
	at PR_Signup.SocialFacebookSignUpTest.Email_Validation(SocialFacebookSignUpTest.java:26)
	at sun.reflect.NativeMethodAccessorImpl.invoke0(Native Method)
	at sun.reflect.NativeMethodAccessorImpl.invoke(NativeMethodAccessorImpl.java:62)
	at sun.reflect.DelegatingMethodAccessorImpl.invoke(DelegatingMethodAccessorImpl.java:43)
	at java.lang.reflect.Method.invoke(Method.java:498)
	at org.testng.internal.MethodInvocationHelper.invokeMethod(MethodInvocationHelper.java:80)
	at org.testng.internal.Invoker.invokeMethod(Invoker.java:714)
	at org.testng.internal.Invoker.invokeTestMethod(Invoker.java:901)
	at org.testng.internal.Invoker.invokeTestMethods(Invoker.java:1231)
	at org.testng.internal.TestMethodWorker.invokeTestMethods(TestMethodWorker.java:127)
	at org.testng.internal.TestMethodWorker.run(TestMethodWorker.java:111)
	at org.testng.TestRunner.privateRun(TestRunner.java:767)
	at org.testng.TestRunner.run(TestRunner.java:617)
	at org.testng.SuiteRunner.runTest(SuiteRunner.java:334)
	at org.testng.SuiteRunner.runSequentially(SuiteRunner.java:329)
	at org.testng.SuiteRunner.privateRun(SuiteRunner.java:291)
	at org.testng.SuiteRunner.run(SuiteRunner.java:240)
	at org.testng.SuiteRunnerWorker.runSuite(SuiteRunnerWorker.java:52)
	at org.testng.SuiteRunnerWorker.run(SuiteRunnerWorker.java:86)
	at org.testng.TestNG.runSuitesSequentially(TestNG.java:1198)
	at org.testng.TestNG.runSuitesLocally(TestNG.java:1123)
	at org.testng.TestNG.run(TestNG.java:1031)
	at org.apache.maven.surefire.testng.TestNGExecutor.run(TestNGExecutor.java:77)
	at org.apache.maven.surefire.testng.TestNGDirectoryTestSuite.executeMulti(TestNGDirectoryTestSuite.java:159)
	at org.apache.maven.surefire.testng.TestNGDirectoryTestSuite.execute(TestNGDirectoryTestSuite.java:99)
	at org.apache.maven.surefire.testng.TestNGProvider.invoke(TestNGProvider.java:106)
	at sun.reflect.NativeMethodAccessorImpl.invoke0(Native Method)
	at sun.reflect.NativeMethodAccessorImpl.invoke(NativeMethodAccessorImpl.java:62)
	at sun.reflect.DelegatingMethodAccessorImpl.invoke(DelegatingMethodAccessorImpl.java:43)
	at java.lang.reflect.Method.invoke(Method.java:498)
	at org.apache.maven.surefire.util.ReflectionUtils.invokeMethodWithArray(ReflectionUtils.java:189)
	at org.apache.maven.surefire.booter.ProviderFactory$ProviderProxy.invoke(ProviderFactory.java:165)
	at org.apache.maven.surefire.booter.ProviderFactory.invokeProvider(ProviderFactory.java:85)
	at org.apache.maven.surefire.booter.ForkedBooter.runSuitesInProcess(ForkedBooter.java:115)
	at org.apache.maven.surefire.booter.ForkedBooter.main(ForkedBooter.java:75)
]]>
            </full-stacktrace>
          </exception> <!-- org.openqa.selenium.TimeoutException -->
          <reporter-output>
          </reporter-output>
        </test-method> <!-- Email_Validation -->
      </class> <!-- PR_Signup.SocialFacebookSignUpTest -->
      <class name="PR_Signup.ValidSignupTest">
        <test-method status="FAIL" signature="Email_Validation()[pri:0, instance:PR_Signup.ValidSignupTest@3012646b]" name="Email_Validation" duration-ms="43926" started-at="2017-08-09T17:18:28Z" finished-at="2017-08-09T17:19:12Z">
          <exception class="java.lang.AssertionError">
            <message>
              <![CDATA[expected [http://positivradio.test.gate6.com/web/#/comingsoon] but found [http://positivradio.test.gate6.com/web/#/register]]]>
            </message>
            <full-stacktrace>
              <![CDATA[java.lang.AssertionError: expected [http://positivradio.test.gate6.com/web/#/comingsoon] but found [http://positivradio.test.gate6.com/web/#/register]
	at org.testng.Assert.fail(Assert.java:94)
	at org.testng.Assert.failNotEquals(Assert.java:494)
	at org.testng.Assert.assertEquals(Assert.java:123)
	at org.testng.Assert.assertEquals(Assert.java:176)
	at org.testng.Assert.assertEquals(Assert.java:186)
	at PR_Signup.ValidSignupTest.Email_Validation(ValidSignupTest.java:30)
	at sun.reflect.NativeMethodAccessorImpl.invoke0(Native Method)
	at sun.reflect.NativeMethodAccessorImpl.invoke(NativeMethodAccessorImpl.java:62)
	at sun.reflect.DelegatingMethodAccessorImpl.invoke(DelegatingMethodAccessorImpl.java:43)
	at java.lang.reflect.Method.invoke(Method.java:498)
	at org.testng.internal.MethodInvocationHelper.invokeMethod(MethodInvocationHelper.java:80)
	at org.testng.internal.Invoker.invokeMethod(Invoker.java:714)
	at org.testng.internal.Invoker.invokeTestMethod(Invoker.java:901)
	at org.testng.internal.Invoker.invokeTestMethods(Invoker.java:1231)
	at org.testng.internal.TestMethodWorker.invokeTestMethods(TestMethodWorker.java:127)
	at org.testng.internal.TestMethodWorker.run(TestMethodWorker.java:111)
	at org.testng.TestRunner.privateRun(TestRunner.java:767)
	at org.testng.TestRunner.run(TestRunner.java:617)
	at org.testng.SuiteRunner.runTest(SuiteRunner.java:334)
	at org.testng.SuiteRunner.runSequentially(SuiteRunner.java:329)
	at org.testng.SuiteRunner.privateRun(SuiteRunner.java:291)
	at org.testng.SuiteRunner.run(SuiteRunner.java:240)
	at org.testng.SuiteRunnerWorker.runSuite(SuiteRunnerWorker.java:52)
	at org.testng.SuiteRunnerWorker.run(SuiteRunnerWorker.java:86)
	at org.testng.TestNG.runSuitesSequentially(TestNG.java:1198)
	at org.testng.TestNG.runSuitesLocally(TestNG.java:1123)
	at org.testng.TestNG.run(TestNG.java:1031)
	at org.apache.maven.surefire.testng.TestNGExecutor.run(TestNGExecutor.java:77)
	at org.apache.maven.surefire.testng.TestNGDirectoryTestSuite.executeMulti(TestNGDirectoryTestSuite.java:159)
	at org.apache.maven.surefire.testng.TestNGDirectoryTestSuite.execute(TestNGDirectoryTestSuite.java:99)
	at org.apache.maven.surefire.testng.TestNGProvider.invoke(TestNGProvider.java:106)
	at sun.reflect.NativeMethodAccessorImpl.invoke0(Native Method)
	at sun.reflect.NativeMethodAccessorImpl.invoke(NativeMethodAccessorImpl.java:62)
	at sun.reflect.DelegatingMethodAccessorImpl.invoke(DelegatingMethodAccessorImpl.java:43)
	at java.lang.reflect.Method.invoke(Method.java:498)
	at org.apache.maven.surefire.util.ReflectionUtils.invokeMethodWithArray(ReflectionUtils.java:189)
	at org.apache.maven.surefire.booter.ProviderFactory$ProviderProxy.invoke(ProviderFactory.java:165)
	at org.apache.maven.surefire.booter.ProviderFactory.invokeProvider(ProviderFactory.java:85)
	at org.apache.maven.surefire.booter.ForkedBooter.runSuitesInProcess(ForkedBooter.java:115)
	at org.apache.maven.surefire.booter.ForkedBooter.main(ForkedBooter.java:75)
]]>
            </full-stacktrace>
          </exception> <!-- java.lang.AssertionError -->
          <reporter-output>
          </reporter-output>
        </test-method> <!-- Email_Validation -->
      </class> <!-- PR_Signup.ValidSignupTest -->
      <class name="example.NewTest">
        <test-method status="PASS" signature="testEasy()[pri:0, instance:example.NewTest@4a883b15]" name="testEasy" duration-ms="44" started-at="2017-08-09T17:13:25Z" finished-at="2017-08-09T17:13:25Z">
          <reporter-output>
          </reporter-output>
        </test-method> <!-- testEasy -->
      </class> <!-- example.NewTest -->
    </test> <!-- Command line test -->
  </suite> <!-- Command line suite -->
</testng-results>
